<?xml version="1.0" encoding="UTF-8"?>
<robot generator="Robot 6.1.1 (Python 3.11.5 on win32)" generated="20230926 09:11:42.711" rpa="false" schemaversion="4">
<suite id="s1" name="Amazon Testes Gherkin Bdd" source="C:\Users\vinicius\Desktop\curso-frame\virtual\amazon_testes_gherkin_bdd.robot">
<test id="s1-t1" name="Caso de Teste 04 - Remover Produto do Carrinho" line="44">
<kw name="Abrir o navegador" library="amazon_resources" type="SETUP">
<kw name="Open Browser" library="SeleniumLibrary">
<arg>browser=${BROWSER}</arg>
<arg>url=https://www.google.com/</arg>
<doc>Opens a new browser instance to the optional ``url``.</doc>
<msg timestamp="20230926 09:11:42.910" level="INFO">Opening browser 'chrome' to base url 'https://www.google.com/'.</msg>
<status status="PASS" starttime="20230926 09:11:42.910" endtime="20230926 09:11:46.050"/>
</kw>
<kw name="Maximize Browser Window" library="SeleniumLibrary">
<doc>Maximizes current browser window.</doc>
<status status="PASS" starttime="20230926 09:11:46.050" endtime="20230926 09:11:46.178"/>
</kw>
<status status="PASS" starttime="20230926 09:11:42.910" endtime="20230926 09:11:46.179"/>
</kw>
<kw name="Dado que estou na home page da Amazon.com.br" library="amazon_resources">
<kw name="Acessar a home page do site amazon.com.br" library="amazon_resources">
<kw name="Go To" library="SeleniumLibrary">
<arg>url=${URL}</arg>
<doc>Navigates the current browser window to the provided ``url``.</doc>
<msg timestamp="20230926 09:11:46.184" level="INFO">Opening url 'https://www.amazon.com.br/'</msg>
<status status="PASS" starttime="20230926 09:11:46.183" endtime="20230926 09:11:47.745"/>
</kw>
<kw name="Wait Until Element Is Visible" library="SeleniumLibrary">
<arg>locator=${MENU_ELETRONICOS}</arg>
<doc>Waits until the element ``locator`` is visible.</doc>
<status status="PASS" starttime="20230926 09:11:47.745" endtime="20230926 09:11:47.790"/>
</kw>
<status status="PASS" starttime="20230926 09:11:46.180" endtime="20230926 09:11:47.790"/>
</kw>
<kw name="Verificar se o título da página fica &quot;Amazon.com.br | Tudo pra você, de A a Z.&quot;" library="amazon_resources" sourcename="Verificar se o título da página fica &quot;${TITULO}&quot;">
<kw name="Title Should Be" library="SeleniumLibrary">
<arg>title=${TITULO}</arg>
<doc>Verifies that the current page title equals ``title``.</doc>
<msg timestamp="20230926 09:11:47.795" level="INFO">Page title is 'Amazon.com.br | Tudo pra você, de A a Z.'.</msg>
<status status="PASS" starttime="20230926 09:11:47.790" endtime="20230926 09:11:47.795"/>
</kw>
<status status="PASS" starttime="20230926 09:11:47.790" endtime="20230926 09:11:47.795"/>
</kw>
<status status="PASS" starttime="20230926 09:11:46.180" endtime="20230926 09:11:47.795"/>
</kw>
<kw name="E existe o produto &quot;Console Xbox Series S&quot; no carrinho" library="amazon_resources">
<kw name="Digitar o nome de produto &quot;Xbox Series S&quot; no campo de pesquisa" library="amazon_resources" sourcename="Digitar o nome de produto &quot;${NOME_PRODUTO}&quot; no campo de Pesquisa">
<kw name="Input Text" library="SeleniumLibrary">
<arg>locator=twotabsearchtextbox</arg>
<arg>text=${NOME_PRODUTO}</arg>
<doc>Types the given ``text`` into the text field identified by ``locator``.</doc>
<msg timestamp="20230926 09:11:47.800" level="INFO">Typing text 'Xbox Series S' into text field 'twotabsearchtextbox'.</msg>
<status status="PASS" starttime="20230926 09:11:47.798" endtime="20230926 09:11:47.965"/>
</kw>
<status status="PASS" starttime="20230926 09:11:47.798" endtime="20230926 09:11:47.965"/>
</kw>
<kw name="Clicar no botão de pesquisa" library="amazon_resources">
<kw name="Click Element" library="SeleniumLibrary">
<arg>twotabsearchtextbox</arg>
<doc>Click the element identified by ``locator``.</doc>
<msg timestamp="20230926 09:11:47.966" level="INFO">Clicking element 'twotabsearchtextbox'.</msg>
<status status="PASS" starttime="20230926 09:11:47.965" endtime="20230926 09:11:48.061"/>
</kw>
<status status="PASS" starttime="20230926 09:11:47.965" endtime="20230926 09:11:48.061"/>
</kw>
<kw name="Clicar no botão de pesquisar" library="amazon_resources">
<kw name="Click Element" library="SeleniumLibrary">
<arg>locator=nav-search-submit-text</arg>
<doc>Click the element identified by ``locator``.</doc>
<msg timestamp="20230926 09:11:48.067" level="INFO">Clicking element 'nav-search-submit-text'.</msg>
<status status="PASS" starttime="20230926 09:11:48.065" endtime="20230926 09:11:50.765"/>
</kw>
<status status="PASS" starttime="20230926 09:11:48.061" endtime="20230926 09:11:50.765"/>
</kw>
<kw name="Verificar o resultado da pesquisa se está listando o produto &quot;Console Xbox Series S&quot;" library="amazon_resources" sourcename="Verificar o resultado da pesquisa se está listando o produto &quot;${NOME_PRODUTO}&quot;">
<kw name="Wait Until Element Is Visible" library="SeleniumLibrary">
<arg>locator=(//span[contains(.,'${NOME_PRODUTO}')])[2]</arg>
<doc>Waits until the element ``locator`` is visible.</doc>
<status status="PASS" starttime="20230926 09:11:50.766" endtime="20230926 09:11:50.789"/>
</kw>
<kw name="Element Should Be Visible" library="SeleniumLibrary">
<arg>locator=//span[@class='a-size-base-plus a-color-base a-text-normal'][contains(.,'${NOME_PRODUTO}')]</arg>
<doc>Verifies that the element identified by ``locator`` is visible.</doc>
<msg timestamp="20230926 09:11:50.807" level="INFO">Element '//span[@class='a-size-base-plus a-color-base a-text-normal'][contains(.,'Console Xbox Series S')]' is displayed.</msg>
<status status="PASS" starttime="20230926 09:11:50.789" endtime="20230926 09:11:50.807"/>
</kw>
<status status="PASS" starttime="20230926 09:11:50.765" endtime="20230926 09:11:50.807"/>
</kw>
<kw name="Adicionar o produto &quot;Console Xbox Series S&quot; no carrinho" library="amazon_resources" sourcename="Adicionar o produto &quot;${NOME_PRODUTO}&quot; no carrinho">
<kw name="Click Element" library="SeleniumLibrary">
<arg>locator=//span[@class='a-size-base-plus a-color-base a-text-normal'][contains(.,'${NOME_PRODUTO}')]</arg>
<doc>Click the element identified by ``locator``.</doc>
<msg timestamp="20230926 09:11:50.808" level="INFO">Clicking element '//span[@class='a-size-base-plus a-color-base a-text-normal'][contains(.,'Console Xbox Series S')]'.</msg>
<status status="PASS" starttime="20230926 09:11:50.808" endtime="20230926 09:11:54.584"/>
</kw>
<kw name="Click Element" library="SeleniumLibrary">
<arg>locator=add-to-cart-button</arg>
<doc>Click the element identified by ``locator``.</doc>
<msg timestamp="20230926 09:11:54.584" level="INFO">Clicking element 'add-to-cart-button'.</msg>
<status status="PASS" starttime="20230926 09:11:54.584" endtime="20230926 09:11:56.083"/>
</kw>
<status status="PASS" starttime="20230926 09:11:50.807" endtime="20230926 09:11:56.083"/>
</kw>
<kw name="Verificar se o produto &quot;Console Xbox Series S&quot; foi adicionado com sucesso" library="amazon_resources" sourcename="Verificar se o produto &quot;${NOME_PRODUTO}&quot; foi adicionado com sucesso">
<kw name="Element Should Be Visible" library="SeleniumLibrary">
<arg>locator=//span[@class='a-size-medium-plus a-color-base sw-atc-text a-text-bold'][contains(.,'Adicionado ao carrinho')]</arg>
<doc>Verifies that the element identified by ``locator`` is visible.</doc>
<msg timestamp="20230926 09:11:56.124" level="INFO">Element '//span[@class='a-size-medium-plus a-color-base sw-atc-text a-text-bold'][contains(.,'Adicionado ao carrinho')]' is displayed.</msg>
<status status="PASS" starttime="20230926 09:11:56.084" endtime="20230926 09:11:56.125"/>
</kw>
<status status="PASS" starttime="20230926 09:11:56.084" endtime="20230926 09:11:56.125"/>
</kw>
<status status="PASS" starttime="20230926 09:11:47.798" endtime="20230926 09:11:56.125"/>
</kw>
<kw name="Quando remover o produto &quot;Console Xbox Series S&quot; no carrinho" library="amazon_resources">
<kw name="Remover o produto &quot;Console Xbox Series S&quot; do carrinho" library="amazon_resources">
<kw name="Click Element" library="SeleniumLibrary">
<arg>locator=//a[contains(@data-csa-c-type,'button')]</arg>
<doc>Click the element identified by ``locator``.</doc>
<msg timestamp="20230926 09:11:56.126" level="INFO">Clicking element '//a[contains(@data-csa-c-type,'button')]'.</msg>
<status status="PASS" starttime="20230926 09:11:56.125" endtime="20230926 09:11:57.535"/>
</kw>
<kw name="Click Button" library="SeleniumLibrary">
<arg>locator=${EXCLUIR}</arg>
<doc>Clicks the button identified by ``locator``.</doc>
<msg timestamp="20230926 09:11:57.535" level="INFO">Clicking button '//input[contains(@value,'Excluir')]'.</msg>
<status status="PASS" starttime="20230926 09:11:57.535" endtime="20230926 09:11:57.627"/>
</kw>
<status status="PASS" starttime="20230926 09:11:56.125" endtime="20230926 09:11:57.627"/>
</kw>
<status status="PASS" starttime="20230926 09:11:56.125" endtime="20230926 09:11:57.627"/>
</kw>
<kw name="Então o carrinho deve ficar vazio" library="amazon_resources">
<kw name="Verificar se o carrinho fica vazio" library="amazon_resources">
<kw name="Wait Until Element Is Visible" library="SeleniumLibrary">
<arg>locator=${EXCLUIDO_DO_CARRINHO}</arg>
<doc>Waits until the element ``locator`` is visible.</doc>
<status status="PASS" starttime="20230926 09:11:57.630" endtime="20230926 09:11:58.080"/>
</kw>
<status status="PASS" starttime="20230926 09:11:57.630" endtime="20230926 09:11:58.080"/>
</kw>
<status status="PASS" starttime="20230926 09:11:57.630" endtime="20230926 09:11:58.080"/>
</kw>
<kw name="Fechar o navegador" library="amazon_resources" type="TEARDOWN">
<kw name="Capture Page Screenshot" library="SeleniumLibrary">
<doc>Takes a screenshot of the current page and embeds it into a log file.</doc>
<msg timestamp="20230926 09:11:58.289" level="INFO" html="true">&lt;/td&gt;&lt;/tr&gt;&lt;tr&gt;&lt;td colspan="3"&gt;&lt;a href="selenium-screenshot-16.png"&gt;&lt;img src="selenium-screenshot-16.png" width="800px"&gt;&lt;/a&gt;</msg>
<status status="PASS" starttime="20230926 09:11:58.080" endtime="20230926 09:11:58.289"/>
</kw>
<kw name="Close Browser" library="SeleniumLibrary">
<doc>Closes the current browser.</doc>
<status status="PASS" starttime="20230926 09:11:58.289" endtime="20230926 09:12:00.465"/>
</kw>
<status status="PASS" starttime="20230926 09:11:58.080" endtime="20230926 09:12:00.465"/>
</kw>
<doc>Esse teste verifica a remoção de um produto no carrinho de compras</doc>
<tag>remover_carrinho</tag>
<status status="PASS" starttime="20230926 09:11:42.910" endtime="20230926 09:12:00.466"/>
</test>
<doc>Essa suite testa o site da Amazon.com.br</doc>
<status status="PASS" starttime="20230926 09:11:42.711" endtime="20230926 09:12:00.470"/>
</suite>
<statistics>
<total>
<stat pass="1" fail="0" skip="0">All Tests</stat>
</total>
<tag>
<stat pass="1" fail="0" skip="0">remover_carrinho</stat>
</tag>
<suite>
<stat pass="1" fail="0" skip="0" id="s1" name="Amazon Testes Gherkin Bdd">Amazon Testes Gherkin Bdd</stat>
</suite>
</statistics>
<errors>
</errors>
</robot>
